<?xml version="1.0" encoding="UTF-8"?>
<testsuite xmlns:xsi="http://www.w3.org/2001/XMLSchema-instance" xsi:noNamespaceSchemaLocation="https://maven.apache.org/surefire/maven-surefire-plugin/xsd/surefire-test-report.xsd" name="example.qa.RunCucumberTest" time="47.486" tests="6" errors="0" skipped="0" failures="0">
  <properties>
[...]
</properties>
  <testcase name="Check number of item in the shopping cart" classname="Buy Items" time="6.838"/>
  <testcase name="Check the total value of items in the shopping cart" classname="Buy Items" time="4.768"/>
  <testcase name="Check the total value of items in the shopping cart when delete t-shirts" classname="Buy Items" time="9.904"/>
  <testcase name="Check the total value of items in the shopping cart when delete t-shirts" classname="Buy Items" time="11.246"/>
  <testcase name="Login as standard_user" classname="Login" time="5.089"/>
  <testcase name="Login as performance_glitch_user" classname="Login" time="9.203"/>
</testsuite>